[ 2016-05-07T09:07:28+08:00 ] 127.0.0.1 /
INFO: [ app_begin ] --START--
INFO: ReadHtmlCache Behavior ::run [ RunTime:0.001000s ]
INFO: [ app_begin ] --END-- [ RunTime:0.003000s ]
NOTIC: [8192] mysql_connect(): The mysql extension is deprecated and will be removed in the future: use mysqli or PDO instead D:\project\test\ThinkPHP\Lib\Driver\Db\DbMysql.class.php ç¬¬ 55 è¡Œ.
NOTIC: [2] mysql_connect():  D:\project\test\ThinkPHP\Lib\Driver\Db\DbMysql.class.php ç¬¬ 55 è¡Œ.
ERR: ÓÉÓÚÄ¿±ê¼ÆËã»ú»ý¼«¾Ü¾ø£¬ÎÞ·¨Á¬½Ó¡£


[ 2016-05-07T09:07:40+08:00 ] 127.0.0.1 /
INFO: [ app_begin ] --START--
INFO: ReadHtmlCache Behavior ::run [ RunTime:0.000000s ]
INFO: [ app_begin ] --END-- [ RunTime:0.015600s ]
NOTIC: [8192] mysql_connect(): The mysql extension is deprecated and will be removed in the future: use mysqli or PDO instead D:\project\test\ThinkPHP\Lib\Driver\Db\DbMysql.class.php ç¬¬ 55 è¡Œ.
SQL: SHOW COLUMNS FROM `a_suibi` [ RunTime:0.039201s ]
NOTIC: [8192] preg_replace(): The /e modifier is deprecated, use preg_replace_callback instead D:\project\test\ThinkPHP\Lib\Core\Db.class.php ç¬¬ 605 è¡Œ.
SQL: SELECT * FROM `a_suibi` ORDER BY time desc LIMIT 5   [ RunTime:0.000000s ]
INFO: [ view_parse ] --START--
NOTIC: [8192] preg_replace(): The /e modifier is deprecated, use preg_replace_callback instead D:\project\test\ThinkPHP\Lib\Template\ThinkTemplate.class.php ç¬¬ 273 è¡Œ.
NOTIC: [8192] preg_replace(): The /e modifier is deprecated, use preg_replace_callback instead D:\project\test\ThinkPHP\Lib\Template\ThinkTemplate.class.php ç¬¬ 168 è¡Œ.
NOTIC: [8192] preg_replace(): The /e modifier is deprecated, use preg_replace_callback instead D:\project\test\ThinkPHP\Lib\Template\ThinkTemplate.class.php ç¬¬ 404 è¡Œ.
NOTIC: [8192] preg_replace(): The /e modifier is deprecated, use preg_replace_callback instead D:\project\test\ThinkPHP\Lib\Template\ThinkTemplate.class.php ç¬¬ 404 è¡Œ.
NOTIC: [8192] preg_replace(): The /e modifier is deprecated, use preg_replace_callback instead D:\project\test\ThinkPHP\Lib\Template\ThinkTemplate.class.php ç¬¬ 404 è¡Œ.
NOTIC: [8192] preg_replace(): The /e modifier is deprecated, use preg_replace_callback instead D:\project\test\ThinkPHP\Lib\Template\ThinkTemplate.class.php ç¬¬ 404 è¡Œ.
NOTIC: [8192] preg_replace(): The /e modifier is deprecated, use preg_replace_callback instead D:\project\test\ThinkPHP\Lib\Template\ThinkTemplate.class.php ç¬¬ 404 è¡Œ.
NOTIC: [8192] preg_replace(): The /e modifier is deprecated, use preg_replace_callback instead D:\project\test\ThinkPHP\Lib\Template\ThinkTemplate.class.php ç¬¬ 273 è¡Œ.
NOTIC: [8192] preg_replace(): The /e modifier is deprecated, use preg_replace_callback instead D:\project\test\ThinkPHP\Lib\Template\ThinkTemplate.class.php ç¬¬ 168 è¡Œ.
NOTIC: [8192] preg_replace(): The /e modifier is deprecated, use preg_replace_callback instead D:\project\test\ThinkPHP\Lib\Template\ThinkTemplate.class.php ç¬¬ 404 è¡Œ.
NOTIC: [8192] preg_replace(): The /e modifier is deprecated, use preg_replace_callback instead D:\project\test\ThinkPHP\Lib\Template\ThinkTemplate.class.php ç¬¬ 404 è¡Œ.
NOTIC: [8192] preg_replace(): The /e modifier is deprecated, use preg_replace_callback instead D:\project\test\ThinkPHP\Lib\Template\ThinkTemplate.class.php ç¬¬ 404 è¡Œ.
NOTIC: [8192] preg_replace(): The /e modifier is deprecated, use preg_replace_callback instead D:\project\test\ThinkPHP\Lib\Template\ThinkTemplate.class.php ç¬¬ 404 è¡Œ.
NOTIC: [8192] preg_replace(): The /e modifier is deprecated, use preg_replace_callback instead D:\project\test\ThinkPHP\Lib\Template\ThinkTemplate.class.php ç¬¬ 404 è¡Œ.
NOTIC: [8192] preg_replace(): The /e modifier is deprecated, use preg_replace_callback instead D:\project\test\ThinkPHP\Lib\Template\ThinkTemplate.class.php ç¬¬ 404 è¡Œ.
NOTIC: [8192] preg_replace(): The /e modifier is deprecated, use preg_replace_callback instead D:\project\test\ThinkPHP\Lib\Template\ThinkTemplate.class.php ç¬¬ 404 è¡Œ.
NOTIC: [8192] preg_replace(): The /e modifier is deprecated, use preg_replace_callback instead D:\project\test\ThinkPHP\Lib\Template\ThinkTemplate.class.php ç¬¬ 404 è¡Œ.
NOTIC: [8192] preg_replace(): The /e modifier is deprecated, use preg_replace_callback instead D:\project\test\ThinkPHP\Lib\Template\ThinkTemplate.class.php ç¬¬ 404 è¡Œ.
NOTIC: [8192] preg_replace(): The /e modifier is deprecated, use preg_replace_callback instead D:\project\test\ThinkPHP\Lib\Template\ThinkTemplate.class.php ç¬¬ 404 è¡Œ.
NOTIC: [8192] preg_replace(): The /e modifier is deprecated, use preg_replace_callback instead D:\project\test\ThinkPHP\Lib\Template\ThinkTemplate.class.php ç¬¬ 404 è¡Œ.
NOTIC: [8192] preg_replace(): The /e modifier is deprecated, use preg_replace_callback instead D:\project\test\ThinkPHP\Lib\Template\ThinkTemplate.class.php ç¬¬ 404 è¡Œ.
NOTIC: [8192] preg_replace(): The /e modifier is deprecated, use preg_replace_callback instead D:\project\test\ThinkPHP\Lib\Template\ThinkTemplate.class.php ç¬¬ 399 è¡Œ.
NOTIC: [8192] preg_replace(): The /e modifier is deprecated, use preg_replace_callback instead D:\project\test\ThinkPHP\Lib\Template\ThinkTemplate.class.php ç¬¬ 399 è¡Œ.
NOTIC: [8192] preg_replace(): The /e modifier is deprecated, use preg_replace_callback instead D:\project\test\ThinkPHP\Lib\Template\ThinkTemplate.class.php ç¬¬ 404 è¡Œ.
NOTIC: [8192] preg_replace(): The /e modifier is deprecated, use preg_replace_callback instead D:\project\test\ThinkPHP\Lib\Template\ThinkTemplate.class.php ç¬¬ 404 è¡Œ.
NOTIC: [8192] preg_replace(): The /e modifier is deprecated, use preg_replace_callback instead D:\project\test\ThinkPHP\Lib\Template\ThinkTemplate.class.php ç¬¬ 404 è¡Œ.
NOTIC: [8192] preg_replace(): The /e modifier is deprecated, use preg_replace_callback instead D:\project\test\ThinkPHP\Lib\Template\ThinkTemplate.class.php ç¬¬ 399 è¡Œ.
NOTIC: [8192] preg_replace(): The /e modifier is deprecated, use preg_replace_callback instead D:\project\test\ThinkPHP\Lib\Template\ThinkTemplate.class.php ç¬¬ 404 è¡Œ.
NOTIC: [8192] preg_replace(): The /e modifier is deprecated, use preg_replace_callback instead D:\project\test\ThinkPHP\Lib\Template\ThinkTemplate.class.php ç¬¬ 404 è¡Œ.
NOTIC: [8192] preg_replace(): The /e modifier is deprecated, use preg_replace_callback instead D:\project\test\ThinkPHP\Lib\Template\ThinkTemplate.class.php ç¬¬ 404 è¡Œ.
NOTIC: [8192] preg_replace(): The /e modifier is deprecated, use preg_replace_callback instead D:\project\test\ThinkPHP\Lib\Template\ThinkTemplate.class.php ç¬¬ 404 è¡Œ.
NOTIC: [8192] preg_replace(): The /e modifier is deprecated, use preg_replace_callback instead D:\project\test\ThinkPHP\Lib\Template\ThinkTemplate.class.php ç¬¬ 404 è¡Œ.
NOTIC: [8192] preg_replace(): The /e modifier is deprecated, use preg_replace_callback instead D:\project\test\ThinkPHP\Lib\Template\ThinkTemplate.class.php ç¬¬ 404 è¡Œ.
NOTIC: [8192] preg_replace(): The /e modifier is deprecated, use preg_replace_callback instead D:\project\test\ThinkPHP\Lib\Template\ThinkTemplate.class.php ç¬¬ 404 è¡Œ.
NOTIC: [8192] preg_replace(): The /e modifier is deprecated, use preg_replace_callback instead D:\project\test\ThinkPHP\Lib\Template\ThinkTemplate.class.php ç¬¬ 404 è¡Œ.
NOTIC: [8192] preg_replace(): The /e modifier is deprecated, use preg_replace_callback instead D:\project\test\ThinkPHP\Lib\Template\ThinkTemplate.class.php ç¬¬ 404 è¡Œ.
NOTIC: [8192] preg_replace(): The /e modifier is deprecated, use preg_replace_callback instead D:\project\test\ThinkPHP\Lib\Template\ThinkTemplate.class.php ç¬¬ 404 è¡Œ.
NOTIC: [8192] preg_replace(): The /e modifier is deprecated, use preg_replace_callback instead D:\project\test\ThinkPHP\Lib\Template\ThinkTemplate.class.php ç¬¬ 404 è¡Œ.
NOTIC: [8192] preg_replace(): The /e modifier is deprecated, use preg_replace_callback instead D:\project\test\ThinkPHP\Lib\Template\ThinkTemplate.class.php ç¬¬ 404 è¡Œ.
NOTIC: [8192] preg_replace(): The /e modifier is deprecated, use preg_replace_callback instead D:\project\test\ThinkPHP\Lib\Template\ThinkTemplate.class.php ç¬¬ 404 è¡Œ.
NOTIC: [8192] preg_replace(): The /e modifier is deprecated, use preg_replace_callback instead D:\project\test\ThinkPHP\Lib\Template\ThinkTemplate.class.php ç¬¬ 404 è¡Œ.
NOTIC: [8192] preg_replace(): The /e modifier is deprecated, use preg_replace_callback instead D:\project\test\ThinkPHP\Lib\Template\ThinkTemplate.class.php ç¬¬ 404 è¡Œ.
NOTIC: [8192] preg_replace(): The /e modifier is deprecated, use preg_replace_callback instead D:\project\test\ThinkPHP\Lib\Template\ThinkTemplate.class.php ç¬¬ 404 è¡Œ.
NOTIC: [8192] preg_replace(): The /e modifier is deprecated, use preg_replace_callback instead D:\project\test\ThinkPHP\Lib\Template\ThinkTemplate.class.php ç¬¬ 404 è¡Œ.
NOTIC: [8192] preg_replace(): The /e modifier is deprecated, use preg_replace_callback instead D:\project\test\ThinkPHP\Lib\Template\ThinkTemplate.class.php ç¬¬ 404 è¡Œ.
NOTIC: [8192] preg_replace(): The /e modifier is deprecated, use preg_replace_callback instead D:\project\test\ThinkPHP\Lib\Template\ThinkTemplate.class.php ç¬¬ 404 è¡Œ.
NOTIC: [8192] preg_replace(): The /e modifier is deprecated, use preg_replace_callback instead D:\project\test\ThinkPHP\Lib\Template\ThinkTemplate.class.php ç¬¬ 404 è¡Œ.
NOTIC: [8192] preg_replace(): The /e modifier is deprecated, use preg_replace_callback instead D:\project\test\ThinkPHP\Lib\Template\ThinkTemplate.class.php ç¬¬ 404 è¡Œ.
NOTIC: [8192] preg_replace(): The /e modifier is deprecated, use preg_replace_callback instead D:\project\test\ThinkPHP\Lib\Template\ThinkTemplate.class.php ç¬¬ 404 è¡Œ.
NOTIC: [8192] preg_replace(): The /e modifier is deprecated, use preg_replace_callback instead D:\project\test\ThinkPHP\Lib\Template\ThinkTemplate.class.php ç¬¬ 404 è¡Œ.
NOTIC: [8192] preg_replace(): The /e modifier is deprecated, use preg_replace_callback instead D:\project\test\ThinkPHP\Lib\Template\ThinkTemplate.class.php ç¬¬ 404 è¡Œ.
NOTIC: [8192] preg_replace(): The /e modifier is deprecated, use preg_replace_callback instead D:\project\test\ThinkPHP\Lib\Template\ThinkTemplate.class.php ç¬¬ 404 è¡Œ.
NOTIC: [8192] preg_replace(): The /e modifier is deprecated, use preg_replace_callback instead D:\project\test\ThinkPHP\Lib\Template\ThinkTemplate.class.php ç¬¬ 404 è¡Œ.
NOTIC: [8192] preg_replace(): The /e modifier is deprecated, use preg_replace_callback instead D:\project\test\ThinkPHP\Lib\Template\ThinkTemplate.class.php ç¬¬ 404 è¡Œ.
NOTIC: [8192] preg_replace(): The /e modifier is deprecated, use preg_replace_callback instead D:\project\test\ThinkPHP\Lib\Template\ThinkTemplate.class.php ç¬¬ 404 è¡Œ.
NOTIC: [8192] preg_replace(): The /e modifier is deprecated, use preg_replace_callback instead D:\project\test\ThinkPHP\Lib\Template\ThinkTemplate.class.php ç¬¬ 404 è¡Œ.
NOTIC: [8192] preg_replace(): The /e modifier is deprecated, use preg_replace_callback instead D:\project\test\ThinkPHP\Lib\Template\ThinkTemplate.class.php ç¬¬ 404 è¡Œ.
NOTIC: [8192] preg_replace(): The /e modifier is deprecated, use preg_replace_callback instead D:\project\test\ThinkPHP\Lib\Template\ThinkTemplate.class.php ç¬¬ 404 è¡Œ.
NOTIC: [8192] preg_replace(): The /e modifier is deprecated, use preg_replace_callback instead D:\project\test\ThinkPHP\Lib\Template\ThinkTemplate.class.php ç¬¬ 404 è¡Œ.
NOTIC: [8192] preg_replace(): The /e modifier is deprecated, use preg_replace_callback instead D:\project\test\ThinkPHP\Lib\Template\ThinkTemplate.class.php ç¬¬ 404 è¡Œ.
NOTIC: [8192] preg_replace(): The /e modifier is deprecated, use preg_replace_callback instead D:\project\test\ThinkPHP\Lib\Template\ThinkTemplate.class.php ç¬¬ 404 è¡Œ.
NOTIC: [8192] preg_replace(): The /e modifier is deprecated, use preg_replace_callback instead D:\project\test\ThinkPHP\Lib\Template\ThinkTemplate.class.php ç¬¬ 404 è¡Œ.
NOTIC: [8192] preg_replace(): The /e modifier is deprecated, use preg_replace_callback instead D:\project\test\ThinkPHP\Lib\Template\ThinkTemplate.class.php ç¬¬ 404 è¡Œ.
NOTIC: [8192] preg_replace(): The /e modifier is deprecated, use preg_replace_callback instead D:\project\test\ThinkPHP\Lib\Template\ThinkTemplate.class.php ç¬¬ 404 è¡Œ.
NOTIC: [8192] preg_replace(): The /e modifier is deprecated, use preg_replace_callback instead D:\project\test\ThinkPHP\Lib\Template\ThinkTemplate.class.php ç¬¬ 404 è¡Œ.
NOTIC: [8192] preg_replace(): The /e modifier is deprecated, use preg_replace_callback instead D:\project\test\ThinkPHP\Lib\Template\ThinkTemplate.class.php ç¬¬ 404 è¡Œ.
NOTIC: [8192] preg_replace(): The /e modifier is deprecated, use preg_replace_callback instead D:\project\test\ThinkPHP\Lib\Template\ThinkTemplate.class.php ç¬¬ 404 è¡Œ.
NOTIC: [8192] preg_replace(): The /e modifier is deprecated, use preg_replace_callback instead D:\project\test\ThinkPHP\Lib\Template\ThinkTemplate.class.php ç¬¬ 404 è¡Œ.
NOTIC: [8192] preg_replace(): The /e modifier is deprecated, use preg_replace_callback instead D:\project\test\ThinkPHP\Lib\Template\ThinkTemplate.class.php ç¬¬ 404 è¡Œ.
NOTIC: [8192] preg_replace(): The /e modifier is deprecated, use preg_replace_callback instead D:\project\test\ThinkPHP\Lib\Template\ThinkTemplate.class.php ç¬¬ 404 è¡Œ.
NOTIC: [8192] preg_replace(): The /e modifier is deprecated, use preg_replace_callback instead D:\project\test\ThinkPHP\Lib\Template\ThinkTemplate.class.php ç¬¬ 404 è¡Œ.
NOTIC: [8192] preg_replace(): The /e modifier is deprecated, use preg_replace_callback instead D:\project\test\ThinkPHP\Lib\Template\ThinkTemplate.class.php ç¬¬ 404 è¡Œ.
NOTIC: [8192] preg_replace(): The /e modifier is deprecated, use preg_replace_callback instead D:\project\test\ThinkPHP\Lib\Template\ThinkTemplate.class.php ç¬¬ 404 è¡Œ.
NOTIC: [8192] preg_replace(): The /e modifier is deprecated, use preg_replace_callback instead D:\project\test\ThinkPHP\Lib\Template\ThinkTemplate.class.php ç¬¬ 404 è¡Œ.
NOTIC: [8192] preg_replace(): The /e modifier is deprecated, use preg_replace_callback instead D:\project\test\ThinkPHP\Lib\Template\ThinkTemplate.class.php ç¬¬ 404 è¡Œ.
NOTIC: [8192] preg_replace(): The /e modifier is deprecated, use preg_replace_callback instead D:\project\test\ThinkPHP\Lib\Template\ThinkTemplate.class.php ç¬¬ 404 è¡Œ.
NOTIC: [8192] preg_replace(): The /e modifier is deprecated, use preg_replace_callback instead D:\project\test\ThinkPHP\Lib\Template\ThinkTemplate.class.php ç¬¬ 404 è¡Œ.
NOTIC: [8192] preg_replace(): The /e modifier is deprecated, use preg_replace_callback instead D:\project\test\ThinkPHP\Lib\Template\ThinkTemplate.class.php ç¬¬ 404 è¡Œ.
NOTIC: [8192] preg_replace(): The /e modifier is deprecated, use preg_replace_callback instead D:\project\test\ThinkPHP\Lib\Template\ThinkTemplate.class.php ç¬¬ 404 è¡Œ.
NOTIC: [8192] preg_replace(): The /e modifier is deprecated, use preg_replace_callback instead D:\project\test\ThinkPHP\Lib\Template\ThinkTemplate.class.php ç¬¬ 404 è¡Œ.
NOTIC: [8192] preg_replace(): The /e modifier is deprecated, use preg_replace_callback instead D:\project\test\ThinkPHP\Lib\Template\ThinkTemplate.class.php ç¬¬ 404 è¡Œ.
NOTIC: [8192] preg_replace(): The /e modifier is deprecated, use preg_replace_callback instead D:\project\test\ThinkPHP\Lib\Template\ThinkTemplate.class.php ç¬¬ 404 è¡Œ.
NOTIC: [8192] preg_replace(): The /e modifier is deprecated, use preg_replace_callback instead D:\project\test\ThinkPHP\Lib\Template\ThinkTemplate.class.php ç¬¬ 404 è¡Œ.
NOTIC: [8192] preg_replace(): The /e modifier is deprecated, use preg_replace_callback instead D:\project\test\ThinkPHP\Lib\Template\ThinkTemplate.class.php ç¬¬ 404 è¡Œ.
NOTIC: [8192] preg_replace(): The /e modifier is deprecated, use preg_replace_callback instead D:\project\test\ThinkPHP\Lib\Template\ThinkTemplate.class.php ç¬¬ 404 è¡Œ.
NOTIC: [8192] preg_replace(): The /e modifier is deprecated, use preg_replace_callback instead D:\project\test\ThinkPHP\Lib\Template\ThinkTemplate.class.php ç¬¬ 404 è¡Œ.
NOTIC: [8192] preg_replace(): The /e modifier is deprecated, use preg_replace_callback instead D:\project\test\ThinkPHP\Lib\Template\ThinkTemplate.class.php ç¬¬ 404 è¡Œ.
NOTIC: [8192] preg_replace(): The /e modifier is deprecated, use preg_replace_callback instead D:\project\test\ThinkPHP\Lib\Template\ThinkTemplate.class.php ç¬¬ 404 è¡Œ.
NOTIC: [8192] preg_replace(): The /e modifier is deprecated, use preg_replace_callback instead D:\project\test\ThinkPHP\Lib\Template\ThinkTemplate.class.php ç¬¬ 404 è¡Œ.
NOTIC: [8192] preg_replace(): The /e modifier is deprecated, use preg_replace_callback instead D:\project\test\ThinkPHP\Lib\Template\ThinkTemplate.class.php ç¬¬ 404 è¡Œ.
NOTIC: [8192] preg_replace(): The /e modifier is deprecated, use preg_replace_callback instead D:\project\test\ThinkPHP\Lib\Template\ThinkTemplate.class.php ç¬¬ 404 è¡Œ.
NOTIC: [8192] preg_replace(): The /e modifier is deprecated, use preg_replace_callback instead D:\project\test\ThinkPHP\Lib\Template\ThinkTemplate.class.php ç¬¬ 404 è¡Œ.
NOTIC: [8192] preg_replace(): The /e modifier is deprecated, use preg_replace_callback instead D:\project\test\ThinkPHP\Lib\Template\ThinkTemplate.class.php ç¬¬ 404 è¡Œ.
NOTIC: [8192] preg_replace(): The /e modifier is deprecated, use preg_replace_callback instead D:\project\test\ThinkPHP\Lib\Template\ThinkTemplate.class.php ç¬¬ 399 è¡Œ.
NOTIC: [8192] preg_replace(): The /e modifier is deprecated, use preg_replace_callback instead D:\project\test\ThinkPHP\Lib\Template\ThinkTemplate.class.php ç¬¬ 399 è¡Œ.
NOTIC: [8192] preg_replace(): The /e modifier is deprecated, use preg_replace_callback instead D:\project\test\ThinkPHP\Lib\Template\ThinkTemplate.class.php ç¬¬ 399 è¡Œ.
NOTIC: [8192] preg_replace(): The /e modifier is deprecated, use preg_replace_callback instead D:\project\test\ThinkPHP\Lib\Template\ThinkTemplate.class.php ç¬¬ 399 è¡Œ.
NOTIC: [8192] preg_replace(): The /e modifier is deprecated, use preg_replace_callback instead D:\project\test\ThinkPHP\Lib\Template\ThinkTemplate.class.php ç¬¬ 399 è¡Œ.
NOTIC: [8192] preg_replace(): The /e modifier is deprecated, use preg_replace_callback instead D:\project\test\ThinkPHP\Lib\Template\ThinkTemplate.class.php ç¬¬ 399 è¡Œ.
NOTIC: [8192] preg_replace(): The /e modifier is deprecated, use preg_replace_callback instead D:\project\test\ThinkPHP\Lib\Template\ThinkTemplate.class.php ç¬¬ 404 è¡Œ.
NOTIC: [8192] preg_replace(): The /e modifier is deprecated, use preg_replace_callback instead D:\project\test\ThinkPHP\Lib\Template\ThinkTemplate.class.php ç¬¬ 404 è¡Œ.
NOTIC: [8192] preg_replace(): The /e modifier is deprecated, use preg_replace_callback instead D:\project\test\ThinkPHP\Lib\Template\ThinkTemplate.class.php ç¬¬ 404 è¡Œ.
NOTIC: [8192] preg_replace(): The /e modifier is deprecated, use preg_replace_callback instead D:\project\test\ThinkPHP\Lib\Template\ThinkTemplate.class.php ç¬¬ 197 è¡Œ.
NOTIC: [8192] preg_replace(): The /e modifier is deprecated, use preg_replace_callback instead D:\project\test\ThinkPHP\Lib\Template\ThinkTemplate.class.php ç¬¬ 404 è¡Œ.
NOTIC: [8192] preg_replace(): The /e modifier is deprecated, use preg_replace_callback instead D:\project\test\ThinkPHP\Lib\Template\ThinkTemplate.class.php ç¬¬ 404 è¡Œ.
NOTIC: [8192] preg_replace(): The /e modifier is deprecated, use preg_replace_callback instead D:\project\test\ThinkPHP\Lib\Template\ThinkTemplate.class.php ç¬¬ 404 è¡Œ.
NOTIC: [8192] preg_replace(): The /e modifier is deprecated, use preg_replace_callback instead D:\project\test\ThinkPHP\Lib\Template\ThinkTemplate.class.php ç¬¬ 404 è¡Œ.
NOTIC: [8192] preg_replace(): The /e modifier is deprecated, use preg_replace_callback instead D:\project\test\ThinkPHP\Lib\Template\ThinkTemplate.class.php ç¬¬ 404 è¡Œ.
NOTIC: [8192] preg_replace(): The /e modifier is deprecated, use preg_replace_callback instead D:\project\test\ThinkPHP\Lib\Template\ThinkTemplate.class.php ç¬¬ 404 è¡Œ.
NOTIC: [8192] preg_replace(): The /e modifier is deprecated, use preg_replace_callback instead D:\project\test\ThinkPHP\Lib\Template\ThinkTemplate.class.php ç¬¬ 404 è¡Œ.
NOTIC: [8192] preg_replace(): The /e modifier is deprecated, use preg_replace_callback instead D:\project\test\ThinkPHP\Lib\Template\ThinkTemplate.class.php ç¬¬ 399 è¡Œ.
NOTIC: [8192] preg_replace(): The /e modifier is deprecated, use preg_replace_callback instead D:\project\test\ThinkPHP\Lib\Template\ThinkTemplate.class.php ç¬¬ 399 è¡Œ.
NOTIC: [8192] preg_replace(): The /e modifier is deprecated, use preg_replace_callback instead D:\project\test\ThinkPHP\Lib\Template\ThinkTemplate.class.php ç¬¬ 404 è¡Œ.
NOTIC: [8192] preg_replace(): The /e modifier is deprecated, use preg_replace_callback instead D:\project\test\ThinkPHP\Lib\Template\ThinkTemplate.class.php ç¬¬ 404 è¡Œ.
NOTIC: [8192] preg_replace(): The /e modifier is deprecated, use preg_replace_callback instead D:\project\test\ThinkPHP\Lib\Template\ThinkTemplate.class.php ç¬¬ 404 è¡Œ.
NOTIC: [8192] preg_replace(): The /e modifier is deprecated, use preg_replace_callback instead D:\project\test\ThinkPHP\Lib\Template\ThinkTemplate.class.php ç¬¬ 399 è¡Œ.
NOTIC: [8192] preg_replace(): The /e modifier is deprecated, use preg_replace_callback instead D:\project\test\ThinkPHP\Lib\Template\ThinkTemplate.class.php ç¬¬ 404 è¡Œ.
NOTIC: [8192] preg_replace(): The /e modifier is deprecated, use preg_replace_callback instead D:\project\test\ThinkPHP\Lib\Template\ThinkTemplate.class.php ç¬¬ 404 è¡Œ.
NOTIC: [8192] preg_replace(): The /e modifier is deprecated, use preg_replace_callback instead D:\project\test\ThinkPHP\Lib\Template\ThinkTemplate.class.php ç¬¬ 404 è¡Œ.
NOTIC: [8192] preg_replace(): The /e modifier is deprecated, use preg_replace_callback instead D:\project\test\ThinkPHP\Lib\Template\ThinkTemplate.class.php ç¬¬ 404 è¡Œ.
NOTIC: [8192] preg_replace(): The /e modifier is deprecated, use preg_replace_callback instead D:\project\test\ThinkPHP\Lib\Template\ThinkTemplate.class.php ç¬¬ 404 è¡Œ.
NOTIC: [8192] preg_replace(): The /e modifier is deprecated, use preg_replace_callback instead D:\project\test\ThinkPHP\Lib\Template\ThinkTemplate.class.php ç¬¬ 404 è¡Œ.
NOTIC: [8192] preg_replace(): The /e modifier is deprecated, use preg_replace_callback instead D:\project\test\ThinkPHP\Lib\Template\ThinkTemplate.class.php ç¬¬ 404 è¡Œ.
NOTIC: [8192] preg_replace(): The /e modifier is deprecated, use preg_replace_callback instead D:\project\test\ThinkPHP\Lib\Template\ThinkTemplate.class.php ç¬¬ 404 è¡Œ.
NOTIC: [8192] preg_replace(): The /e modifier is deprecated, use preg_replace_callback instead D:\project\test\ThinkPHP\Lib\Template\ThinkTemplate.class.php ç¬¬ 404 è¡Œ.
NOTIC: [8192] preg_replace(): The /e modifier is deprecated, use preg_replace_callback instead D:\project\test\ThinkPHP\Lib\Template\ThinkTemplate.class.php ç¬¬ 404 è¡Œ.
NOTIC: [8192] preg_replace(): The /e modifier is deprecated, use preg_replace_callback instead D:\project\test\ThinkPHP\Lib\Template\ThinkTemplate.class.php ç¬¬ 404 è¡Œ.
NOTIC: [8192] preg_replace(): The /e modifier is deprecated, use preg_replace_callback instead D:\project\test\ThinkPHP\Lib\Template\ThinkTemplate.class.php ç¬¬ 404 è¡Œ.
NOTIC: [8192] preg_replace(): The /e modifier is deprecated, use preg_replace_callback instead D:\project\test\ThinkPHP\Lib\Template\ThinkTemplate.class.php ç¬¬ 404 è¡Œ.
NOTIC: [8192] preg_replace(): The /e modifier is deprecated, use preg_replace_callback instead D:\project\test\ThinkPHP\Lib\Template\ThinkTemplate.class.php ç¬¬ 404 è¡Œ.
NOTIC: [8192] preg_replace(): The /e modifier is deprecated, use preg_replace_callback instead D:\project\test\ThinkPHP\Lib\Template\ThinkTemplate.class.php ç¬¬ 404 è¡Œ.
NOTIC: [8192] preg_replace(): The /e modifier is deprecated, use preg_replace_callback instead D:\project\test\ThinkPHP\Lib\Template\ThinkTemplate.class.php ç¬¬ 404 è¡Œ.
NOTIC: [8192] preg_replace(): The /e modifier is deprecated, use preg_replace_callback instead D:\project\test\ThinkPHP\Lib\Template\ThinkTemplate.class.php ç¬¬ 404 è¡Œ.
NOTIC: [8192] preg_replace(): The /e modifier is deprecated, use preg_replace_callback instead D:\project\test\ThinkPHP\Lib\Template\ThinkTemplate.class.php ç¬¬ 404 è¡Œ.
NOTIC: [8192] preg_replace(): The /e modifier is deprecated, use preg_replace_callback instead D:\project\test\ThinkPHP\Lib\Template\ThinkTemplate.class.php ç¬¬ 404 è¡Œ.
NOTIC: [8192] preg_replace(): The /e modifier is deprecated, use preg_replace_callback instead D:\project\test\ThinkPHP\Lib\Template\ThinkTemplate.class.php ç¬¬ 404 è¡Œ.
NOTIC: [8192] preg_replace(): The /e modifier is deprecated, use preg_replace_callback instead D:\project\test\ThinkPHP\Lib\Template\ThinkTemplate.class.php ç¬¬ 404 è¡Œ.
NOTIC: [8192] preg_replace(): The /e modifier is deprecated, use preg_replace_callback instead D:\project\test\ThinkPHP\Lib\Template\ThinkTemplate.class.php ç¬¬ 404 è¡Œ.
NOTIC: [8192] preg_replace(): The /e modifier is deprecated, use preg_replace_callback instead D:\project\test\ThinkPHP\Lib\Template\ThinkTemplate.class.php ç¬¬ 404 è¡Œ.
NOTIC: [8192] preg_replace(): The /e modifier is deprecated, use preg_replace_callback instead D:\project\test\ThinkPHP\Lib\Template\ThinkTemplate.class.php ç¬¬ 404 è¡Œ.
NOTIC: [8192] preg_replace(): The /e modifier is deprecated, use preg_replace_callback instead D:\project\test\ThinkPHP\Lib\Template\ThinkTemplate.class.php ç¬¬ 404 è¡Œ.
NOTIC: [8192] preg_replace(): The /e modifier is deprecated, use preg_replace_callback instead D:\project\test\ThinkPHP\Lib\Template\ThinkTemplate.class.php ç¬¬ 404 è¡Œ.
NOTIC: [8192] preg_replace(): The /e modifier is deprecated, use preg_replace_callback instead D:\project\test\ThinkPHP\Lib\Template\ThinkTemplate.class.php ç¬¬ 404 è¡Œ.
NOTIC: [8192] preg_replace(): The /e modifier is deprecated, use preg_replace_callback instead D:\project\test\ThinkPHP\Lib\Template\ThinkTemplate.class.php ç¬¬ 404 è¡Œ.
NOTIC: [8192] preg_replace(): The /e modifier is deprecated, use preg_replace_callback instead D:\project\test\ThinkPHP\Lib\Template\ThinkTemplate.class.php ç¬¬ 404 è¡Œ.
NOTIC: [8192] preg_replace(): The /e modifier is deprecated, use preg_replace_callback instead D:\project\test\ThinkPHP\Lib\Template\ThinkTemplate.class.php ç¬¬ 404 è¡Œ.
NOTIC: [8192] preg_replace(): The /e modifier is deprecated, use preg_replace_callback instead D:\project\test\ThinkPHP\Lib\Template\ThinkTemplate.class.php ç¬¬ 404 è¡Œ.
NOTIC: [8192] preg_replace(): The /e modifier is deprecated, use preg_replace_callback instead D:\project\test\ThinkPHP\Lib\Template\ThinkTemplate.class.php ç¬¬ 404 è¡Œ.
NOTIC: [8192] preg_replace(): The /e modifier is deprecated, use preg_replace_callback instead D:\project\test\ThinkPHP\Lib\Template\ThinkTemplate.class.php ç¬¬ 404 è¡Œ.
NOTIC: [8192] preg_replace(): The /e modifier is deprecated, use preg_replace_callback instead D:\project\test\ThinkPHP\Lib\Template\ThinkTemplate.class.php ç¬¬ 404 è¡Œ.
NOTIC: [8192] preg_replace(): The /e modifier is deprecated, use preg_replace_callback instead D:\project\test\ThinkPHP\Lib\Template\ThinkTemplate.class.php ç¬¬ 404 è¡Œ.
NOTIC: [8192] preg_replace(): The /e modifier is deprecated, use preg_replace_callback instead D:\project\test\ThinkPHP\Lib\Template\ThinkTemplate.class.php ç¬¬ 404 è¡Œ.
NOTIC: [8192] preg_replace(): The /e modifier is deprecated, use preg_replace_callback instead D:\project\test\ThinkPHP\Lib\Template\ThinkTemplate.class.php ç¬¬ 404 è¡Œ.
NOTIC: [8192] preg_replace(): The /e modifier is deprecated, use preg_replace_callback instead D:\project\test\ThinkPHP\Lib\Template\ThinkTemplate.class.php ç¬¬ 404 è¡Œ.
NOTIC: [8192] preg_replace(): The /e modifier is deprecated, use preg_replace_callback instead D:\project\test\ThinkPHP\Lib\Template\ThinkTemplate.class.php ç¬¬ 404 è¡Œ.
NOTIC: [8192] preg_replace(): The /e modifier is deprecated, use preg_replace_callback instead D:\project\test\ThinkPHP\Lib\Template\ThinkTemplate.class.php ç¬¬ 404 è¡Œ.
NOTIC: [8192] preg_replace(): The /e modifier is deprecated, use preg_replace_callback instead D:\project\test\ThinkPHP\Lib\Template\ThinkTemplate.class.php ç¬¬ 404 è¡Œ.
NOTIC: [8192] preg_replace(): The /e modifier is deprecated, use preg_replace_callback instead D:\project\test\ThinkPHP\Lib\Template\ThinkTemplate.class.php ç¬¬ 404 è¡Œ.
NOTIC: [8192] preg_replace(): The /e modifier is deprecated, use preg_replace_callback instead D:\project\test\ThinkPHP\Lib\Template\ThinkTemplate.class.php ç¬¬ 404 è¡Œ.
NOTIC: [8192] preg_replace(): The /e modifier is deprecated, use preg_replace_callback instead D:\project\test\ThinkPHP\Lib\Template\ThinkTemplate.class.php ç¬¬ 404 è¡Œ.
NOTIC: [8192] preg_replace(): The /e modifier is deprecated, use preg_replace_callback instead D:\project\test\ThinkPHP\Lib\Template\ThinkTemplate.class.php ç¬¬ 404 è¡Œ.
NOTIC: [8192] preg_replace(): The /e modifier is deprecated, use preg_replace_callback instead D:\project\test\ThinkPHP\Lib\Template\ThinkTemplate.class.php ç¬¬ 404 è¡Œ.
NOTIC: [8192] preg_replace(): The /e modifier is deprecated, use preg_replace_callback instead D:\project\test\ThinkPHP\Lib\Template\ThinkTemplate.class.php ç¬¬ 404 è¡Œ.
NOTIC: [8192] preg_replace(): The /e modifier is deprecated, use preg_replace_callback instead D:\project\test\ThinkPHP\Lib\Template\ThinkTemplate.class.php ç¬¬ 404 è¡Œ.
NOTIC: [8192] preg_replace(): The /e modifier is deprecated, use preg_replace_callback instead D:\project\test\ThinkPHP\Lib\Template\ThinkTemplate.class.php ç¬¬ 404 è¡Œ.
NOTIC: [8192] preg_replace(): The /e modifier is deprecated, use preg_replace_callback instead D:\project\test\ThinkPHP\Lib\Template\ThinkTemplate.class.php ç¬¬ 404 è¡Œ.
NOTIC: [8192] preg_replace(): The /e modifier is deprecated, use preg_replace_callback instead D:\project\test\ThinkPHP\Lib\Template\ThinkTemplate.class.php ç¬¬ 404 è¡Œ.
NOTIC: [8192] preg_replace(): The /e modifier is deprecated, use preg_replace_callback instead D:\project\test\ThinkPHP\Lib\Template\ThinkTemplate.class.php ç¬¬ 404 è¡Œ.
NOTIC: [8192] preg_replace(): The /e modifier is deprecated, use preg_replace_callback instead D:\project\test\ThinkPHP\Lib\Template\ThinkTemplate.class.php ç¬¬ 404 è¡Œ.
NOTIC: [8192] preg_replace(): The /e modifier is deprecated, use preg_replace_callback instead D:\project\test\ThinkPHP\Lib\Template\ThinkTemplate.class.php ç¬¬ 404 è¡Œ.
NOTIC: [8192] preg_replace(): The /e modifier is deprecated, use preg_replace_callback instead D:\project\test\ThinkPHP\Lib\Template\ThinkTemplate.class.php ç¬¬ 404 è¡Œ.
NOTIC: [8192] preg_replace(): The /e modifier is deprecated, use preg_replace_callback instead D:\project\test\ThinkPHP\Lib\Template\ThinkTemplate.class.php ç¬¬ 404 è¡Œ.
NOTIC: [8192] preg_replace(): The /e modifier is deprecated, use preg_replace_callback instead D:\project\test\ThinkPHP\Lib\Template\ThinkTemplate.class.php ç¬¬ 404 è¡Œ.
NOTIC: [8192] preg_replace(): The /e modifier is deprecated, use preg_replace_callback instead D:\project\test\ThinkPHP\Lib\Template\ThinkTemplate.class.php ç¬¬ 404 è¡Œ.
NOTIC: [8192] preg_replace(): The /e modifier is deprecated, use preg_replace_callback instead D:\project\test\ThinkPHP\Lib\Template\ThinkTemplate.class.php ç¬¬ 404 è¡Œ.
NOTIC: [8192] preg_replace(): The /e modifier is deprecated, use preg_replace_callback instead D:\project\test\ThinkPHP\Lib\Template\ThinkTemplate.class.php ç¬¬ 404 è¡Œ.
NOTIC: [8192] preg_replace(): The /e modifier is deprecated, use preg_replace_callback instead D:\project\test\ThinkPHP\Lib\Template\ThinkTemplate.class.php ç¬¬ 404 è¡Œ.
NOTIC: [8192] preg_replace(): The /e modifier is deprecated, use preg_replace_callback instead D:\project\test\ThinkPHP\Lib\Template\ThinkTemplate.class.php ç¬¬ 404 è¡Œ.
NOTIC: [8192] preg_replace(): The /e modifier is deprecated, use preg_replace_callback instead D:\project\test\ThinkPHP\Lib\Template\ThinkTemplate.class.php ç¬¬ 404 è¡Œ.
NOTIC: [8192] preg_replace(): The /e modifier is deprecated, use preg_replace_callback instead D:\project\test\ThinkPHP\Lib\Template\ThinkTemplate.class.php ç¬¬ 404 è¡Œ.
NOTIC: [8192] preg_replace(): The /e modifier is deprecated, use preg_replace_callback instead D:\project\test\ThinkPHP\Lib\Template\ThinkTemplate.class.php ç¬¬ 404 è¡Œ.
NOTIC: [8192] preg_replace(): The /e modifier is deprecated, use preg_replace_callback instead D:\project\test\ThinkPHP\Lib\Template\ThinkTemplate.class.php ç¬¬ 404 è¡Œ.
NOTIC: [8192] preg_replace(): The /e modifier is deprecated, use preg_replace_callback instead D:\project\test\ThinkPHP\Lib\Template\ThinkTemplate.class.php ç¬¬ 399 è¡Œ.
NOTIC: [8192] preg_replace(): The /e modifier is deprecated, use preg_replace_callback instead D:\project\test\ThinkPHP\Lib\Template\ThinkTemplate.class.php ç¬¬ 399 è¡Œ.
NOTIC: [8192] preg_replace(): The /e modifier is deprecated, use preg_replace_callback instead D:\project\test\ThinkPHP\Lib\Template\ThinkTemplate.class.php ç¬¬ 399 è¡Œ.
NOTIC: [8192] preg_replace(): The /e modifier is deprecated, use preg_replace_callback instead D:\project\test\ThinkPHP\Lib\Template\ThinkTemplate.class.php ç¬¬ 399 è¡Œ.
NOTIC: [8192] preg_replace(): The /e modifier is deprecated, use preg_replace_callback instead D:\project\test\ThinkPHP\Lib\Template\ThinkTemplate.class.php ç¬¬ 399 è¡Œ.
NOTIC: [8192] preg_replace(): The /e modifier is deprecated, use preg_replace_callback instead D:\project\test\ThinkPHP\Lib\Template\ThinkTemplate.class.php ç¬¬ 399 è¡Œ.
NOTIC: [8192] preg_replace(): The /e modifier is deprecated, use preg_replace_callback instead D:\project\test\ThinkPHP\Lib\Template\ThinkTemplate.class.php ç¬¬ 404 è¡Œ.
NOTIC: [8192] preg_replace(): The /e modifier is deprecated, use preg_replace_callback instead D:\project\test\ThinkPHP\Lib\Template\ThinkTemplate.class.php ç¬¬ 404 è¡Œ.
NOTIC: [8192] preg_replace(): The /e modifier is deprecated, use preg_replace_callback instead D:\project\test\ThinkPHP\Lib\Template\ThinkTemplate.class.php ç¬¬ 404 è¡Œ.
NOTIC: [8192] preg_replace(): The /e modifier is deprecated, use preg_replace_callback instead D:\project\test\ThinkPHP\Lib\Template\ThinkTemplate.class.php ç¬¬ 197 è¡Œ.
NOTIC: [8192] preg_replace(): The /e modifier is deprecated, use preg_replace_callback instead D:\project\test\ThinkPHP\Lib\Template\ThinkTemplate.class.php ç¬¬ 137 è¡Œ.
INFO: ParseTemplate Behavior ::run [ RunTime:0.156000s ]
INFO: [ view_parse ] --END-- [ RunTime:0.156000s ]
INFO: [ view_filter ] --START--
INFO: ContentReplace Behavior ::run [ RunTime:0.000000s ]
INFO: TokenBuild Behavior ::run [ RunTime:0.015600s ]
INFO: WriteHtmlCache Behavior ::run [ RunTime:0.000000s ]
INFO: ShowRuntime Behavior ::run [ RunTime:0.000000s ]
INFO: [ view_filter ] --END-- [ RunTime:0.015600s ]
INFO: [ view_end ] --START--
INFO: ShowPageTrace Behavior ::run [ RunTime:0.000000s ]
INFO: [ view_end ] --END-- [ RunTime:0.000000s ]

[ 2016-05-07T09:27:53+08:00 ] 127.0.0.1 /
INFO: [ app_begin ] --START--
INFO: ReadHtmlCache Behavior ::run [ RunTime:0.000000s ]
INFO: [ app_begin ] --END-- [ RunTime:0.000000s ]
NOTIC: [8192] mysql_connect(): The mysql extension is deprecated and will be removed in the future: use mysqli or PDO instead D:\project\test\ThinkPHP\Lib\Driver\Db\DbMysql.class.php ç¬¬ 55 è¡Œ.
SQL: SHOW COLUMNS FROM `a_suibi` [ RunTime:0.000000s ]
NOTIC: [8192] preg_replace(): The /e modifier is deprecated, use preg_replace_callback instead D:\project\test\ThinkPHP\Lib\Core\Db.class.php ç¬¬ 605 è¡Œ.
SQL: SELECT * FROM `a_suibi` ORDER BY time desc LIMIT 5   [ RunTime:0.000000s ]
INFO: [ view_parse ] --START--
NOTIC: [8192] preg_replace(): The /e modifier is deprecated, use preg_replace_callback instead D:\project\test\ThinkPHP\Lib\Template\ThinkTemplate.class.php ç¬¬ 273 è¡Œ.
NOTIC: [8192] preg_replace(): The /e modifier is deprecated, use preg_replace_callback instead D:\project\test\ThinkPHP\Lib\Template\ThinkTemplate.class.php ç¬¬ 168 è¡Œ.
NOTIC: [8192] preg_replace(): The /e modifier is deprecated, use preg_replace_callback instead D:\project\test\ThinkPHP\Lib\Template\ThinkTemplate.class.php ç¬¬ 404 è¡Œ.
NOTIC: [8192] preg_replace(): The /e modifier is deprecated, use preg_replace_callback instead D:\project\test\ThinkPHP\Lib\Template\ThinkTemplate.class.php ç¬¬ 404 è¡Œ.
NOTIC: [8192] preg_replace(): The /e modifier is deprecated, use preg_replace_callback instead D:\project\test\ThinkPHP\Lib\Template\ThinkTemplate.class.php ç¬¬ 404 è¡Œ.
NOTIC: [8192] preg_replace(): The /e modifier is deprecated, use preg_replace_callback instead D:\project\test\ThinkPHP\Lib\Template\ThinkTemplate.class.php ç¬¬ 404 è¡Œ.
NOTIC: [8192] preg_replace(): The /e modifier is deprecated, use preg_replace_callback instead D:\project\test\ThinkPHP\Lib\Template\ThinkTemplate.class.php ç¬¬ 404 è¡Œ.
NOTIC: [8192] preg_replace(): The /e modifier is deprecated, use preg_replace_callback instead D:\project\test\ThinkPHP\Lib\Template\ThinkTemplate.class.php ç¬¬ 273 è¡Œ.
NOTIC: [8192] preg_replace(): The /e modifier is deprecated, use preg_replace_callback instead D:\project\test\ThinkPHP\Lib\Template\ThinkTemplate.class.php ç¬¬ 168 è¡Œ.
NOTIC: [8192] preg_replace(): The /e modifier is deprecated, use preg_replace_callback instead D:\project\test\ThinkPHP\Lib\Template\ThinkTemplate.class.php ç¬¬ 404 è¡Œ.
NOTIC: [8192] preg_replace(): The /e modifier is deprecated, use preg_replace_callback instead D:\project\test\ThinkPHP\Lib\Template\ThinkTemplate.class.php ç¬¬ 404 è¡Œ.
NOTIC: [8192] preg_replace(): The /e modifier is deprecated, use preg_replace_callback instead D:\project\test\ThinkPHP\Lib\Template\ThinkTemplate.class.php ç¬¬ 404 è¡Œ.
NOTIC: [8192] preg_replace(): The /e modifier is deprecated, use preg_replace_callback instead D:\project\test\ThinkPHP\Lib\Template\ThinkTemplate.class.php ç¬¬ 404 è¡Œ.
NOTIC: [8192] preg_replace(): The /e modifier is deprecated, use preg_replace_callback instead D:\project\test\ThinkPHP\Lib\Template\ThinkTemplate.class.php ç¬¬ 404 è¡Œ.
NOTIC: [8192] preg_replace(): The /e modifier is deprecated, use preg_replace_callback instead D:\project\test\ThinkPHP\Lib\Template\ThinkTemplate.class.php ç¬¬ 404 è¡Œ.
NOTIC: [8192] preg_replace(): The /e modifier is deprecated, use preg_replace_callback instead D:\project\test\ThinkPHP\Lib\Template\ThinkTemplate.class.php ç¬¬ 404 è¡Œ.
NOTIC: [8192] preg_replace(): The /e modifier is deprecated, use preg_replace_callback instead D:\project\test\ThinkPHP\Lib\Template\ThinkTemplate.class.php ç¬¬ 404 è¡Œ.
NOTIC: [8192] preg_replace(): The /e modifier is deprecated, use preg_replace_callback instead D:\project\test\ThinkPHP\Lib\Template\ThinkTemplate.class.php ç¬¬ 404 è¡Œ.
NOTIC: [8192] preg_replace(): The /e modifier is deprecated, use preg_replace_callback instead D:\project\test\ThinkPHP\Lib\Template\ThinkTemplate.class.php ç¬¬ 404 è¡Œ.
NOTIC: [8192] preg_replace(): The /e modifier is deprecated, use preg_replace_callback instead D:\project\test\ThinkPHP\Lib\Template\ThinkTemplate.class.php ç¬¬ 404 è¡Œ.
NOTIC: [8192] preg_replace(): The /e modifier is deprecated, use preg_replace_callback instead D:\project\test\ThinkPHP\Lib\Template\ThinkTemplate.class.php ç¬¬ 404 è¡Œ.
NOTIC: [8192] preg_replace(): The /e modifier is deprecated, use preg_replace_callback instead D:\project\test\ThinkPHP\Lib\Template\ThinkTemplate.class.php ç¬¬ 399 è¡Œ.
NOTIC: [8192] preg_replace(): The /e modifier is deprecated, use preg_replace_callback instead D:\project\test\ThinkPHP\Lib\Template\ThinkTemplate.class.php ç¬¬ 399 è¡Œ.
NOTIC: [8192] preg_replace(): The /e modifier is deprecated, use preg_replace_callback instead D:\project\test\ThinkPHP\Lib\Template\ThinkTemplate.class.php ç¬¬ 404 è¡Œ.
NOTIC: [8192] preg_replace(): The /e modifier is deprecated, use preg_replace_callback instead D:\project\test\ThinkPHP\Lib\Template\ThinkTemplate.class.php ç¬¬ 404 è¡Œ.
NOTIC: [8192] preg_replace(): The /e modifier is deprecated, use preg_replace_callback instead D:\project\test\ThinkPHP\Lib\Template\ThinkTemplate.class.php ç¬¬ 404 è¡Œ.
NOTIC: [8192] preg_replace(): The /e modifier is deprecated, use preg_replace_callback instead D:\project\test\ThinkPHP\Lib\Template\ThinkTemplate.class.php ç¬¬ 399 è¡Œ.
NOTIC: [8192] preg_replace(): The /e modifier is deprecated, use preg_replace_callback instead D:\project\test\ThinkPHP\Lib\Template\ThinkTemplate.class.php ç¬¬ 404 è¡Œ.
NOTIC: [8192] preg_replace(): The /e modifier is deprecated, use preg_replace_callback instead D:\project\test\ThinkPHP\Lib\Template\ThinkTemplate.class.php ç¬¬ 404 è¡Œ.
NOTIC: [8192] preg_replace(): The /e modifier is deprecated, use preg_replace_callback instead D:\project\test\ThinkPHP\Lib\Template\ThinkTemplate.class.php ç¬¬ 404 è¡Œ.
NOTIC: [8192] preg_replace(): The /e modifier is deprecated, use preg_replace_callback instead D:\project\test\ThinkPHP\Lib\Template\ThinkTemplate.class.php ç¬¬ 404 è¡Œ.
NOTIC: [8192] preg_replace(): The /e modifier is deprecated, use preg_replace_callback instead D:\project\test\ThinkPHP\Lib\Template\ThinkTemplate.class.php ç¬¬ 404 è¡Œ.
NOTIC: [8192] preg_replace(): The /e modifier is deprecated, use preg_replace_callback instead D:\project\test\ThinkPHP\Lib\Template\ThinkTemplate.class.php ç¬¬ 404 è¡Œ.
NOTIC: [8192] preg_replace(): The /e modifier is deprecated, use preg_replace_callback instead D:\project\test\ThinkPHP\Lib\Template\ThinkTemplate.class.php ç¬¬ 404 è¡Œ.
NOTIC: [8192] preg_replace(): The /e modifier is deprecated, use preg_replace_callback instead D:\project\test\ThinkPHP\Lib\Template\ThinkTemplate.class.php ç¬¬ 404 è¡Œ.
NOTIC: [8192] preg_replace(): The /e modifier is deprecated, use preg_replace_callback instead D:\project\test\ThinkPHP\Lib\Template\ThinkTemplate.class.php ç¬¬ 404 è¡Œ.
NOTIC: [8192] preg_replace(): The /e modifier is deprecated, use preg_replace_callback instead D:\project\test\ThinkPHP\Lib\Template\ThinkTemplate.class.php ç¬¬ 404 è¡Œ.
NOTIC: [8192] preg_replace(): The /e modifier is deprecated, use preg_replace_callback instead D:\project\test\ThinkPHP\Lib\Template\ThinkTemplate.class.php ç¬¬ 404 è¡Œ.
NOTIC: [8192] preg_replace(): The /e modifier is deprecated, use preg_replace_callback instead D:\project\test\ThinkPHP\Lib\Template\ThinkTemplate.class.php ç¬¬ 404 è¡Œ.
NOTIC: [8192] preg_replace(): The /e modifier is deprecated, use preg_replace_callback instead D:\project\test\ThinkPHP\Lib\Template\ThinkTemplate.class.php ç¬¬ 404 è¡Œ.
NOTIC: [8192] preg_replace(): The /e modifier is deprecated, use preg_replace_callback instead D:\project\test\ThinkPHP\Lib\Template\ThinkTemplate.class.php ç¬¬ 404 è¡Œ.
NOTIC: [8192] preg_replace(): The /e modifier is deprecated, use preg_replace_callback instead D:\project\test\ThinkPHP\Lib\Template\ThinkTemplate.class.php ç¬¬ 404 è¡Œ.
NOTIC: [8192] preg_replace(): The /e modifier is deprecated, use preg_replace_callback instead D:\project\test\ThinkPHP\Lib\Template\ThinkTemplate.class.php ç¬¬ 404 è¡Œ.
NOTIC: [8192] preg_replace(): The /e modifier is deprecated, use preg_replace_callback instead D:\project\test\ThinkPHP\Lib\Template\ThinkTemplate.class.php ç¬¬ 404 è¡Œ.
NOTIC: [8192] preg_replace(): The /e modifier is deprecated, use preg_replace_callback instead D:\project\test\ThinkPHP\Lib\Template\ThinkTemplate.class.php ç¬¬ 404 è¡Œ.
NOTIC: [8192] preg_replace(): The /e modifier is deprecated, use preg_replace_callback instead D:\project\test\ThinkPHP\Lib\Template\ThinkTemplate.class.php ç¬¬ 404 è¡Œ.
NOTIC: [8192] preg_replace(): The /e modifier is deprecated, use preg_replace_callback instead D:\project\test\ThinkPHP\Lib\Template\ThinkTemplate.class.php ç¬¬ 404 è¡Œ.
NOTIC: [8192] preg_replace(): The /e modifier is deprecated, use preg_replace_callback instead D:\project\test\ThinkPHP\Lib\Template\ThinkTemplate.class.php ç¬¬ 404 è¡Œ.
NOTIC: [8192] preg_replace(): The /e modifier is deprecated, use preg_replace_callback instead D:\project\test\ThinkPHP\Lib\Template\ThinkTemplate.class.php ç¬¬ 404 è¡Œ.
NOTIC: [8192] preg_replace(): The /e modifier is deprecated, use preg_replace_callback instead D:\project\test\ThinkPHP\Lib\Template\ThinkTemplate.class.php ç¬¬ 404 è¡Œ.
NOTIC: [8192] preg_replace(): The /e modifier is deprecated, use preg_replace_callback instead D:\project\test\ThinkPHP\Lib\Template\ThinkTemplate.class.php ç¬¬ 404 è¡Œ.
NOTIC: [8192] preg_replace(): The /e modifier is deprecated, use preg_replace_callback instead D:\project\test\ThinkPHP\Lib\Template\ThinkTemplate.class.php ç¬¬ 404 è¡Œ.
NOTIC: [8192] preg_replace(): The /e modifier is deprecated, use preg_replace_callback instead D:\project\test\ThinkPHP\Lib\Template\ThinkTemplate.class.php ç¬¬ 404 è¡Œ.
NOTIC: [8192] preg_replace(): The /e modifier is deprecated, use preg_replace_callback instead D:\project\test\ThinkPHP\Lib\Template\ThinkTemplate.class.php ç¬¬ 404 è¡Œ.
NOTIC: [8192] preg_replace(): The /e modifier is deprecated, use preg_replace_callback instead D:\project\test\ThinkPHP\Lib\Template\ThinkTemplate.class.php ç¬¬ 404 è¡Œ.
NOTIC: [8192] preg_replace(): The /e modifier is deprecated, use preg_replace_callback instead D:\project\test\ThinkPHP\Lib\Template\ThinkTemplate.class.php ç¬¬ 404 è¡Œ.
NOTIC: [8192] preg_replace(): The /e modifier is deprecated, use preg_replace_callback instead D:\project\test\ThinkPHP\Lib\Template\ThinkTemplate.class.php ç¬¬ 404 è¡Œ.
NOTIC: [8192] preg_replace(): The /e modifier is deprecated, use preg_replace_callback instead D:\project\test\ThinkPHP\Lib\Template\ThinkTemplate.class.php ç¬¬ 404 è¡Œ.
NOTIC: [8192] preg_replace(): The /e modifier is deprecated, use preg_replace_callback instead D:\project\test\ThinkPHP\Lib\Template\ThinkTemplate.class.php ç¬¬ 404 è¡Œ.
NOTIC: [8192] preg_replace(): The /e modifier is deprecated, use preg_replace_callback instead D:\project\test\ThinkPHP\Lib\Template\ThinkTemplate.class.php ç¬¬ 404 è¡Œ.
NOTIC: [8192] preg_replace(): The /e modifier is deprecated, use preg_replace_callback instead D:\project\test\ThinkPHP\Lib\Template\ThinkTemplate.class.php ç¬¬ 404 è¡Œ.
NOTIC: [8192] preg_replace(): The /e modifier is deprecated, use preg_replace_callback instead D:\project\test\ThinkPHP\Lib\Template\ThinkTemplate.class.php ç¬¬ 404 è¡Œ.
NOTIC: [8192] preg_replace(): The /e modifier is deprecated, use preg_replace_callback instead D:\project\test\ThinkPHP\Lib\Template\ThinkTemplate.class.php ç¬¬ 404 è¡Œ.
NOTIC: [8192] preg_replace(): The /e modifier is deprecated, use preg_replace_callback instead D:\project\test\ThinkPHP\Lib\Template\ThinkTemplate.class.php ç¬¬ 404 è¡Œ.
NOTIC: [8192] preg_replace(): The /e modifier is deprecated, use preg_replace_callback instead D:\project\test\ThinkPHP\Lib\Template\ThinkTemplate.class.php ç¬¬ 404 è¡Œ.
NOTIC: [8192] preg_replace(): The /e modifier is deprecated, use preg_replace_callback instead D:\project\test\ThinkPHP\Lib\Template\ThinkTemplate.class.php ç¬¬ 404 è¡Œ.
NOTIC: [8192] preg_replace(): The /e modifier is deprecated, use preg_replace_callback instead D:\project\test\ThinkPHP\Lib\Template\ThinkTemplate.class.php ç¬¬ 404 è¡Œ.
NOTIC: [8192] preg_replace(): The /e modifier is deprecated, use preg_replace_callback instead D:\project\test\ThinkPHP\Lib\Template\ThinkTemplate.class.php ç¬¬ 404 è¡Œ.
NOTIC: [8192] preg_replace(): The /e modifier is deprecated, use preg_replace_callback instead D:\project\test\ThinkPHP\Lib\Template\ThinkTemplate.class.php ç¬¬ 404 è¡Œ.
NOTIC: [8192] preg_replace(): The /e modifier is deprecated, use preg_replace_callback instead D:\project\test\ThinkPHP\Lib\Template\ThinkTemplate.class.php ç¬¬ 404 è¡Œ.
NOTIC: [8192] preg_replace(): The /e modifier is deprecated, use preg_replace_callback instead D:\project\test\ThinkPHP\Lib\Template\ThinkTemplate.class.php ç¬¬ 404 è¡Œ.
NOTIC: [8192] preg_replace(): The /e modifier is deprecated, use preg_replace_callback instead D:\project\test\ThinkPHP\Lib\Template\ThinkTemplate.class.php ç¬¬ 404 è¡Œ.
NOTIC: [8192] preg_replace(): The /e modifier is deprecated, use preg_replace_callback instead D:\project\test\ThinkPHP\Lib\Template\ThinkTemplate.class.php ç¬¬ 404 è¡Œ.
NOTIC: [8192] preg_replace(): The /e modifier is deprecated, use preg_replace_callback instead D:\project\test\ThinkPHP\Lib\Template\ThinkTemplate.class.php ç¬¬ 404 è¡Œ.
NOTIC: [8192] preg_replace(): The /e modifier is deprecated, use preg_replace_callback instead D:\project\test\ThinkPHP\Lib\Template\ThinkTemplate.class.php ç¬¬ 404 è¡Œ.
NOTIC: [8192] preg_replace(): The /e modifier is deprecated, use preg_replace_callback instead D:\project\test\ThinkPHP\Lib\Template\ThinkTemplate.class.php ç¬¬ 404 è¡Œ.
NOTIC: [8192] preg_replace(): The /e modifier is deprecated, use preg_replace_callback instead D:\project\test\ThinkPHP\Lib\Template\ThinkTemplate.class.php ç¬¬ 404 è¡Œ.
NOTIC: [8192] preg_replace(): The /e modifier is deprecated, use preg_replace_callback instead D:\project\test\ThinkPHP\Lib\Template\ThinkTemplate.class.php ç¬¬ 404 è¡Œ.
NOTIC: [8192] preg_replace(): The /e modifier is deprecated, use preg_replace_callback instead D:\project\test\ThinkPHP\Lib\Template\ThinkTemplate.class.php ç¬¬ 404 è¡Œ.
NOTIC: [8192] preg_replace(): The /e modifier is deprecated, use preg_replace_callback instead D:\project\test\ThinkPHP\Lib\Template\ThinkTemplate.class.php ç¬¬ 404 è¡Œ.
NOTIC: [8192] preg_replace(): The /e modifier is deprecated, use preg_replace_callback instead D:\project\test\ThinkPHP\Lib\Template\ThinkTemplate.class.php ç¬¬ 404 è¡Œ.
NOTIC: [8192] preg_replace(): The /e modifier is deprecated, use preg_replace_callback instead D:\project\test\ThinkPHP\Lib\Template\ThinkTemplate.class.php ç¬¬ 404 è¡Œ.
NOTIC: [8192] preg_replace(): The /e modifier is deprecated, use preg_replace_callback instead D:\project\test\ThinkPHP\Lib\Template\ThinkTemplate.class.php ç¬¬ 404 è¡Œ.
NOTIC: [8192] preg_replace(): The /e modifier is deprecated, use preg_replace_callback instead D:\project\test\ThinkPHP\Lib\Template\ThinkTemplate.class.php ç¬¬ 404 è¡Œ.
NOTIC: [8192] preg_replace(): The /e modifier is deprecated, use preg_replace_callback instead D:\project\test\ThinkPHP\Lib\Template\ThinkTemplate.class.php ç¬¬ 404 è¡Œ.
NOTIC: [8192] preg_replace(): The /e modifier is deprecated, use preg_replace_callback instead D:\project\test\ThinkPHP\Lib\Template\ThinkTemplate.class.php ç¬¬ 404 è¡Œ.
NOTIC: [8192] preg_replace(): The /e modifier is deprecated, use preg_replace_callback instead D:\project\test\ThinkPHP\Lib\Template\ThinkTemplate.class.php ç¬¬ 404 è¡Œ.
NOTIC: [8192] preg_replace(): The /e modifier is deprecated, use preg_replace_callback instead D:\project\test\ThinkPHP\Lib\Template\ThinkTemplate.class.php ç¬¬ 404 è¡Œ.
NOTIC: [8192] preg_replace(): The /e modifier is deprecated, use preg_replace_callback instead D:\project\test\ThinkPHP\Lib\Template\ThinkTemplate.class.php ç¬¬ 404 è¡Œ.
NOTIC: [8192] preg_replace(): The /e modifier is deprecated, use preg_replace_callback instead D:\project\test\ThinkPHP\Lib\Template\ThinkTemplate.class.php ç¬¬ 404 è¡Œ.
NOTIC: [8192] preg_replace(): The /e modifier is deprecated, use preg_replace_callback instead D:\project\test\ThinkPHP\Lib\Template\ThinkTemplate.class.php ç¬¬ 404 è¡Œ.
NOTIC: [8192] preg_replace(): The /e modifier is deprecated, use preg_replace_callback instead D:\project\test\ThinkPHP\Lib\Template\ThinkTemplate.class.php ç¬¬ 404 è¡Œ.
NOTIC: [8192] preg_replace(): The /e modifier is deprecated, use preg_replace_callback instead D:\project\test\ThinkPHP\Lib\Template\ThinkTemplate.class.php ç¬¬ 404 è¡Œ.
NOTIC: [8192] preg_replace(): The /e modifier is deprecated, use preg_replace_callback instead D:\project\test\ThinkPHP\Lib\Template\ThinkTemplate.class.php ç¬¬ 399 è¡Œ.
NOTIC: [8192] preg_replace(): The /e modifier is deprecated, use preg_replace_callback instead D:\project\test\ThinkPHP\Lib\Template\ThinkTemplate.class.php ç¬¬ 399 è¡Œ.
NOTIC: [8192] preg_replace(): The /e modifier is deprecated, use preg_replace_callback instead D:\project\test\ThinkPHP\Lib\Template\ThinkTemplate.class.php ç¬¬ 399 è¡Œ.
NOTIC: [8192] preg_replace(): The /e modifier is deprecated, use preg_replace_callback instead D:\project\test\ThinkPHP\Lib\Template\ThinkTemplate.class.php ç¬¬ 399 è¡Œ.
NOTIC: [8192] preg_replace(): The /e modifier is deprecated, use preg_replace_callback instead D:\project\test\ThinkPHP\Lib\Template\ThinkTemplate.class.php ç¬¬ 399 è¡Œ.
NOTIC: [8192] preg_replace(): The /e modifier is deprecated, use preg_replace_callback instead D:\project\test\ThinkPHP\Lib\Template\ThinkTemplate.class.php ç¬¬ 399 è¡Œ.
NOTIC: [8192] preg_replace(): The /e modifier is deprecated, use preg_replace_callback instead D:\project\test\ThinkPHP\Lib\Template\ThinkTemplate.class.php ç¬¬ 404 è¡Œ.
NOTIC: [8192] preg_replace(): The /e modifier is deprecated, use preg_replace_callback instead D:\project\test\ThinkPHP\Lib\Template\ThinkTemplate.class.php ç¬¬ 404 è¡Œ.
NOTIC: [8192] preg_replace(): The /e modifier is deprecated, use preg_replace_callback instead D:\project\test\ThinkPHP\Lib\Template\ThinkTemplate.class.php ç¬¬ 404 è¡Œ.
NOTIC: [8192] preg_replace(): The /e modifier is deprecated, use preg_replace_callback instead D:\project\test\ThinkPHP\Lib\Template\ThinkTemplate.class.php ç¬¬ 197 è¡Œ.
NOTIC: [8192] preg_replace(): The /e modifier is deprecated, use preg_replace_callback instead D:\project\test\ThinkPHP\Lib\Template\ThinkTemplate.class.php ç¬¬ 404 è¡Œ.
NOTIC: [8192] preg_replace(): The /e modifier is deprecated, use preg_replace_callback instead D:\project\test\ThinkPHP\Lib\Template\ThinkTemplate.class.php ç¬¬ 404 è¡Œ.
NOTIC: [8192] preg_replace(): The /e modifier is deprecated, use preg_replace_callback instead D:\project\test\ThinkPHP\Lib\Template\ThinkTemplate.class.php ç¬¬ 404 è¡Œ.
NOTIC: [8192] preg_replace(): The /e modifier is deprecated, use preg_replace_callback instead D:\project\test\ThinkPHP\Lib\Template\ThinkTemplate.class.php ç¬¬ 404 è¡Œ.
NOTIC: [8192] preg_replace(): The /e modifier is deprecated, use preg_replace_callback instead D:\project\test\ThinkPHP\Lib\Template\ThinkTemplate.class.php ç¬¬ 404 è¡Œ.
NOTIC: [8192] preg_replace(): The /e modifier is deprecated, use preg_replace_callback instead D:\project\test\ThinkPHP\Lib\Template\ThinkTemplate.class.php ç¬¬ 404 è¡Œ.
NOTIC: [8192] preg_replace(): The /e modifier is deprecated, use preg_replace_callback instead D:\project\test\ThinkPHP\Lib\Template\ThinkTemplate.class.php ç¬¬ 404 è¡Œ.
NOTIC: [8192] preg_replace(): The /e modifier is deprecated, use preg_replace_callback instead D:\project\test\ThinkPHP\Lib\Template\ThinkTemplate.class.php ç¬¬ 399 è¡Œ.
NOTIC: [8192] preg_replace(): The /e modifier is deprecated, use preg_replace_callback instead D:\project\test\ThinkPHP\Lib\Template\ThinkTemplate.class.php ç¬¬ 399 è¡Œ.
NOTIC: [8192] preg_replace(): The /e modifier is deprecated, use preg_replace_callback instead D:\project\test\ThinkPHP\Lib\Template\ThinkTemplate.class.php ç¬¬ 404 è¡Œ.
NOTIC: [8192] preg_replace(): The /e modifier is deprecated, use preg_replace_callback instead D:\project\test\ThinkPHP\Lib\Template\ThinkTemplate.class.php ç¬¬ 404 è¡Œ.
NOTIC: [8192] preg_replace(): The /e modifier is deprecated, use preg_replace_callback instead D:\project\test\ThinkPHP\Lib\Template\ThinkTemplate.class.php ç¬¬ 404 è¡Œ.
NOTIC: [8192] preg_replace(): The /e modifier is deprecated, use preg_replace_callback instead D:\project\test\ThinkPHP\Lib\Template\ThinkTemplate.class.php ç¬¬ 399 è¡Œ.
NOTIC: [8192] preg_replace(): The /e modifier is deprecated, use preg_replace_callback instead D:\project\test\ThinkPHP\Lib\Template\ThinkTemplate.class.php ç¬¬ 404 è¡Œ.
NOTIC: [8192] preg_replace(): The /e modifier is deprecated, use preg_replace_callback instead D:\project\test\ThinkPHP\Lib\Template\ThinkTemplate.class.php ç¬¬ 404 è¡Œ.
NOTIC: [8192] preg_replace(): The /e modifier is deprecated, use preg_replace_callback instead D:\project\test\ThinkPHP\Lib\Template\ThinkTemplate.class.php ç¬¬ 404 è¡Œ.
NOTIC: [8192] preg_replace(): The /e modifier is deprecated, use preg_replace_callback instead D:\project\test\ThinkPHP\Lib\Template\ThinkTemplate.class.php ç¬¬ 404 è¡Œ.
NOTIC: [8192] preg_replace(): The /e modifier is deprecated, use preg_replace_callback instead D:\project\test\ThinkPHP\Lib\Template\ThinkTemplate.class.php ç¬¬ 404 è¡Œ.
NOTIC: [8192] preg_replace(): The /e modifier is deprecated, use preg_replace_callback instead D:\project\test\ThinkPHP\Lib\Template\ThinkTemplate.class.php ç¬¬ 404 è¡Œ.
NOTIC: [8192] preg_replace(): The /e modifier is deprecated, use preg_replace_callback instead D:\project\test\ThinkPHP\Lib\Template\ThinkTemplate.class.php ç¬¬ 404 è¡Œ.
NOTIC: [8192] preg_replace(): The /e modifier is deprecated, use preg_replace_callback instead D:\project\test\ThinkPHP\Lib\Template\ThinkTemplate.class.php ç¬¬ 404 è¡Œ.
NOTIC: [8192] preg_replace(): The /e modifier is deprecated, use preg_replace_callback instead D:\project\test\ThinkPHP\Lib\Template\ThinkTemplate.class.php ç¬¬ 404 è¡Œ.
NOTIC: [8192] preg_replace(): The /e modifier is deprecated, use preg_replace_callback instead D:\project\test\ThinkPHP\Lib\Template\ThinkTemplate.class.php ç¬¬ 404 è¡Œ.
NOTIC: [8192] preg_replace(): The /e modifier is deprecated, use preg_replace_callback instead D:\project\test\ThinkPHP\Lib\Template\ThinkTemplate.class.php ç¬¬ 404 è¡Œ.
NOTIC: [8192] preg_replace(): The /e modifier is deprecated, use preg_replace_callback instead D:\project\test\ThinkPHP\Lib\Template\ThinkTemplate.class.php ç¬¬ 404 è¡Œ.
NOTIC: [8192] preg_replace(): The /e modifier is deprecated, use preg_replace_callback instead D:\project\test\ThinkPHP\Lib\Template\ThinkTemplate.class.php ç¬¬ 404 è¡Œ.
NOTIC: [8192] preg_replace(): The /e modifier is deprecated, use preg_replace_callback instead D:\project\test\ThinkPHP\Lib\Template\ThinkTemplate.class.php ç¬¬ 404 è¡Œ.
NOTIC: [8192] preg_replace(): The /e modifier is deprecated, use preg_replace_callback instead D:\project\test\ThinkPHP\Lib\Template\ThinkTemplate.class.php ç¬¬ 404 è¡Œ.
NOTIC: [8192] preg_replace(): The /e modifier is deprecated, use preg_replace_callback instead D:\project\test\ThinkPHP\Lib\Template\ThinkTemplate.class.php ç¬¬ 404 è¡Œ.
NOTIC: [8192] preg_replace(): The /e modifier is deprecated, use preg_replace_callback instead D:\project\test\ThinkPHP\Lib\Template\ThinkTemplate.class.php ç¬¬ 404 è¡Œ.
NOTIC: [8192] preg_replace(): The /e modifier is deprecated, use preg_replace_callback instead D:\project\test\ThinkPHP\Lib\Template\ThinkTemplate.class.php ç¬¬ 404 è¡Œ.
NOTIC: [8192] preg_replace(): The /e modifier is deprecated, use preg_replace_callback instead D:\project\test\ThinkPHP\Lib\Template\ThinkTemplate.class.php ç¬¬ 404 è¡Œ.
NOTIC: [8192] preg_replace(): The /e modifier is deprecated, use preg_replace_callback instead D:\project\test\ThinkPHP\Lib\Template\ThinkTemplate.class.php ç¬¬ 404 è¡Œ.
NOTIC: [8192] preg_replace(): The /e modifier is deprecated, use preg_replace_callback instead D:\project\test\ThinkPHP\Lib\Template\ThinkTemplate.class.php ç¬¬ 404 è¡Œ.
NOTIC: [8192] preg_replace(): The /e modifier is deprecated, use preg_replace_callback instead D:\project\test\ThinkPHP\Lib\Template\ThinkTemplate.class.php ç¬¬ 404 è¡Œ.
NOTIC: [8192] preg_replace(): The /e modifier is deprecated, use preg_replace_callback instead D:\project\test\ThinkPHP\Lib\Template\ThinkTemplate.class.php ç¬¬ 404 è¡Œ.
NOTIC: [8192] preg_replace(): The /e modifier is deprecated, use preg_replace_callback instead D:\project\test\ThinkPHP\Lib\Template\ThinkTemplate.class.php ç¬¬ 404 è¡Œ.
NOTIC: [8192] preg_replace(): The /e modifier is deprecated, use preg_replace_callback instead D:\project\test\ThinkPHP\Lib\Template\ThinkTemplate.class.php ç¬¬ 404 è¡Œ.
NOTIC: [8192] preg_replace(): The /e modifier is deprecated, use preg_replace_callback instead D:\project\test\ThinkPHP\Lib\Template\ThinkTemplate.class.php ç¬¬ 404 è¡Œ.
NOTIC: [8192] preg_replace(): The /e modifier is deprecated, use preg_replace_callback instead D:\project\test\ThinkPHP\Lib\Template\ThinkTemplate.class.php ç¬¬ 404 è¡Œ.
NOTIC: [8192] preg_replace(): The /e modifier is deprecated, use preg_replace_callback instead D:\project\test\ThinkPHP\Lib\Template\ThinkTemplate.class.php ç¬¬ 404 è¡Œ.
NOTIC: [8192] preg_replace(): The /e modifier is deprecated, use preg_replace_callback instead D:\project\test\ThinkPHP\Lib\Template\ThinkTemplate.class.php ç¬¬ 404 è¡Œ.
NOTIC: [8192] preg_replace(): The /e modifier is deprecated, use preg_replace_callback instead D:\project\test\ThinkPHP\Lib\Template\ThinkTemplate.class.php ç¬¬ 404 è¡Œ.
NOTIC: [8192] preg_replace(): The /e modifier is deprecated, use preg_replace_callback instead D:\project\test\ThinkPHP\Lib\Template\ThinkTemplate.class.php ç¬¬ 404 è¡Œ.
NOTIC: [8192] preg_replace(): The /e modifier is deprecated, use preg_replace_callback instead D:\project\test\ThinkPHP\Lib\Template\ThinkTemplate.class.php ç¬¬ 404 è¡Œ.
NOTIC: [8192] preg_replace(): The /e modifier is deprecated, use preg_replace_callback instead D:\project\test\ThinkPHP\Lib\Template\ThinkTemplate.class.php ç¬¬ 404 è¡Œ.
NOTIC: [8192] preg_replace(): The /e modifier is deprecated, use preg_replace_callback instead D:\project\test\ThinkPHP\Lib\Template\ThinkTemplate.class.php ç¬¬ 404 è¡Œ.
NOTIC: [8192] preg_replace(): The /e modifier is deprecated, use preg_replace_callback instead D:\project\test\ThinkPHP\Lib\Template\ThinkTemplate.class.php ç¬¬ 404 è¡Œ.
NOTIC: [8192] preg_replace(): The /e modifier is deprecated, use preg_replace_callback instead D:\project\test\ThinkPHP\Lib\Template\ThinkTemplate.class.php ç¬¬ 404 è¡Œ.
NOTIC: [8192] preg_replace(): The /e modifier is deprecated, use preg_replace_callback instead D:\project\test\ThinkPHP\Lib\Template\ThinkTemplate.class.php ç¬¬ 404 è¡Œ.
NOTIC: [8192] preg_replace(): The /e modifier is deprecated, use preg_replace_callback instead D:\project\test\ThinkPHP\Lib\Template\ThinkTemplate.class.php ç¬¬ 404 è¡Œ.
NOTIC: [8192] preg_replace(): The /e modifier is deprecated, use preg_replace_callback instead D:\project\test\ThinkPHP\Lib\Template\ThinkTemplate.class.php ç¬¬ 404 è¡Œ.
NOTIC: [8192] preg_replace(): The /e modifier is deprecated, use preg_replace_callback instead D:\project\test\ThinkPHP\Lib\Template\ThinkTemplate.class.php ç¬¬ 404 è¡Œ.
NOTIC: [8192] preg_replace(): The /e modifier is deprecated, use preg_replace_callback instead D:\project\test\ThinkPHP\Lib\Template\ThinkTemplate.class.php ç¬¬ 404 è¡Œ.
NOTIC: [8192] preg_replace(): The /e modifier is deprecated, use preg_replace_callback instead D:\project\test\ThinkPHP\Lib\Template\ThinkTemplate.class.php ç¬¬ 404 è¡Œ.
NOTIC: [8192] preg_replace(): The /e modifier is deprecated, use preg_replace_callback instead D:\project\test\ThinkPHP\Lib\Template\ThinkTemplate.class.php ç¬¬ 404 è¡Œ.
NOTIC: [8192] preg_replace(): The /e modifier is deprecated, use preg_replace_callback instead D:\project\test\ThinkPHP\Lib\Template\ThinkTemplate.class.php ç¬¬ 404 è¡Œ.
NOTIC: [8192] preg_replace(): The /e modifier is deprecated, use preg_replace_callback instead D:\project\test\ThinkPHP\Lib\Template\ThinkTemplate.class.php ç¬¬ 404 è¡Œ.
NOTIC: [8192] preg_replace(): The /e modifier is deprecated, use preg_replace_callback instead D:\project\test\ThinkPHP\Lib\Template\ThinkTemplate.class.php ç¬¬ 404 è¡Œ.
NOTIC: [8192] preg_replace(): The /e modifier is deprecated, use preg_replace_callback instead D:\project\test\ThinkPHP\Lib\Template\ThinkTemplate.class.php ç¬¬ 404 è¡Œ.
NOTIC: [8192] preg_replace(): The /e modifier is deprecated, use preg_replace_callback instead D:\project\test\ThinkPHP\Lib\Template\ThinkTemplate.class.php ç¬¬ 404 è¡Œ.
NOTIC: [8192] preg_replace(): The /e modifier is deprecated, use preg_replace_callback instead D:\project\test\ThinkPHP\Lib\Template\ThinkTemplate.class.php ç¬¬ 404 è¡Œ.
NOTIC: [8192] preg_replace(): The /e modifier is deprecated, use preg_replace_callback instead D:\project\test\ThinkPHP\Lib\Template\ThinkTemplate.class.php ç¬¬ 404 è¡Œ.
NOTIC: [8192] preg_replace(): The /e modifier is deprecated, use preg_replace_callback instead D:\project\test\ThinkPHP\Lib\Template\ThinkTemplate.class.php ç¬¬ 404 è¡Œ.
NOTIC: [8192] preg_replace(): The /e modifier is deprecated, use preg_replace_callback instead D:\project\test\ThinkPHP\Lib\Template\ThinkTemplate.class.php ç¬¬ 404 è¡Œ.
NOTIC: [8192] preg_replace(): The /e modifier is deprecated, use preg_replace_callback instead D:\project\test\ThinkPHP\Lib\Template\ThinkTemplate.class.php ç¬¬ 404 è¡Œ.
NOTIC: [8192] preg_replace(): The /e modifier is deprecated, use preg_replace_callback instead D:\project\test\ThinkPHP\Lib\Template\ThinkTemplate.class.php ç¬¬ 404 è¡Œ.
NOTIC: [8192] preg_replace(): The /e modifier is deprecated, use preg_replace_callback instead D:\project\test\ThinkPHP\Lib\Template\ThinkTemplate.class.php ç¬¬ 404 è¡Œ.
NOTIC: [8192] preg_replace(): The /e modifier is deprecated, use preg_replace_callback instead D:\project\test\ThinkPHP\Lib\Template\ThinkTemplate.class.php ç¬¬ 404 è¡Œ.
NOTIC: [8192] preg_replace(): The /e modifier is deprecated, use preg_replace_callback instead D:\project\test\ThinkPHP\Lib\Template\ThinkTemplate.class.php ç¬¬ 404 è¡Œ.
NOTIC: [8192] preg_replace(): The /e modifier is deprecated, use preg_replace_callback instead D:\project\test\ThinkPHP\Lib\Template\ThinkTemplate.class.php ç¬¬ 404 è¡Œ.
NOTIC: [8192] preg_replace(): The /e modifier is deprecated, use preg_replace_callback instead D:\project\test\ThinkPHP\Lib\Template\ThinkTemplate.class.php ç¬¬ 404 è¡Œ.
NOTIC: [8192] preg_replace(): The /e modifier is deprecated, use preg_replace_callback instead D:\project\test\ThinkPHP\Lib\Template\ThinkTemplate.class.php ç¬¬ 404 è¡Œ.
NOTIC: [8192] preg_replace(): The /e modifier is deprecated, use preg_replace_callback instead D:\project\test\ThinkPHP\Lib\Template\ThinkTemplate.class.php ç¬¬ 404 è¡Œ.
NOTIC: [8192] preg_replace(): The /e modifier is deprecated, use preg_replace_callback instead D:\project\test\ThinkPHP\Lib\Template\ThinkTemplate.class.php ç¬¬ 404 è¡Œ.
NOTIC: [8192] preg_replace(): The /e modifier is deprecated, use preg_replace_callback instead D:\project\test\ThinkPHP\Lib\Template\ThinkTemplate.class.php ç¬¬ 404 è¡Œ.
NOTIC: [8192] preg_replace(): The /e modifier is deprecated, use preg_replace_callback instead D:\project\test\ThinkPHP\Lib\Template\ThinkTemplate.class.php ç¬¬ 404 è¡Œ.
NOTIC: [8192] preg_replace(): The /e modifier is deprecated, use preg_replace_callback instead D:\project\test\ThinkPHP\Lib\Template\ThinkTemplate.class.php ç¬¬ 404 è¡Œ.
NOTIC: [8192] preg_replace(): The /e modifier is deprecated, use preg_replace_callback instead D:\project\test\ThinkPHP\Lib\Template\ThinkTemplate.class.php ç¬¬ 404 è¡Œ.
NOTIC: [8192] preg_replace(): The /e modifier is deprecated, use preg_replace_callback instead D:\project\test\ThinkPHP\Lib\Template\ThinkTemplate.class.php ç¬¬ 399 è¡Œ.
NOTIC: [8192] preg_replace(): The /e modifier is deprecated, use preg_replace_callback instead D:\project\test\ThinkPHP\Lib\Template\ThinkTemplate.class.php ç¬¬ 399 è¡Œ.
NOTIC: [8192] preg_replace(): The /e modifier is deprecated, use preg_replace_callback instead D:\project\test\ThinkPHP\Lib\Template\ThinkTemplate.class.php ç¬¬ 399 è¡Œ.
NOTIC: [8192] preg_replace(): The /e modifier is deprecated, use preg_replace_callback instead D:\project\test\ThinkPHP\Lib\Template\ThinkTemplate.class.php ç¬¬ 399 è¡Œ.
NOTIC: [8192] preg_replace(): The /e modifier is deprecated, use preg_replace_callback instead D:\project\test\ThinkPHP\Lib\Template\ThinkTemplate.class.php ç¬¬ 399 è¡Œ.
NOTIC: [8192] preg_replace(): The /e modifier is deprecated, use preg_replace_callback instead D:\project\test\ThinkPHP\Lib\Template\ThinkTemplate.class.php ç¬¬ 399 è¡Œ.
NOTIC: [8192] preg_replace(): The /e modifier is deprecated, use preg_replace_callback instead D:\project\test\ThinkPHP\Lib\Template\ThinkTemplate.class.php ç¬¬ 404 è¡Œ.
NOTIC: [8192] preg_replace(): The /e modifier is deprecated, use preg_replace_callback instead D:\project\test\ThinkPHP\Lib\Template\ThinkTemplate.class.php ç¬¬ 404 è¡Œ.
NOTIC: [8192] preg_replace(): The /e modifier is deprecated, use preg_replace_callback instead D:\project\test\ThinkPHP\Lib\Template\ThinkTemplate.class.php ç¬¬ 404 è¡Œ.
NOTIC: [8192] preg_replace(): The /e modifier is deprecated, use preg_replace_callback instead D:\project\test\ThinkPHP\Lib\Template\ThinkTemplate.class.php ç¬¬ 197 è¡Œ.
NOTIC: [8192] preg_replace(): The /e modifier is deprecated, use preg_replace_callback instead D:\project\test\ThinkPHP\Lib\Template\ThinkTemplate.class.php ç¬¬ 137 è¡Œ.
INFO: ParseTemplate Behavior ::run [ RunTime:0.031200s ]
INFO: [ view_parse ] --END-- [ RunTime:0.031200s ]
INFO: [ view_filter ] --START--
INFO: ContentReplace Behavior ::run [ RunTime:0.000000s ]
INFO: TokenBuild Behavior ::run [ RunTime:0.000000s ]
INFO: WriteHtmlCache Behavior ::run [ RunTime:0.000000s ]
INFO: ShowRuntime Behavior ::run [ RunTime:0.000000s ]
INFO: [ view_filter ] --END-- [ RunTime:0.000000s ]
INFO: [ view_end ] --START--
INFO: ShowPageTrace Behavior ::run [ RunTime:0.000000s ]
INFO: [ view_end ] --END-- [ RunTime:0.000000s ]

